<?xml version="1.0" encoding="UTF-8"?>
<!-- Generated by org.testng.reporters.JUnitXMLReporter -->
<testsuite hostname="Admin-PC" ignored="0" name="checking" tests="3" failures="0" timestamp="22 Jan 2020 06:35:26 GMT" time="4.033" errors="0">
  <testcase name="voidfilltxt" time="0.5" classname="org.adactin.loginPage"/>
  <testcase name="btnclick" time="1.418" classname="org.adactin.loginPage"/>
  <testcase name="selectdrop" time="2.031" classname="org.adactin.loginPage"/>
</testsuite> <!-- checking -->
